2018/10/16 18:52:36 INFO  - jmeter.util.JMeterUtils: Setting Locale to en_IN 
2018/10/16 18:52:37 INFO  - jmeter.JMeter: Loading user properties from: D:\javascripteclipse\jmeter-setup-project\target\jmeter\bin\user.properties 
2018/10/16 18:52:37 INFO  - jmeter.JMeter: Loading system properties from: D:\javascripteclipse\jmeter-setup-project\target\jmeter\bin\system.properties 
2018/10/16 18:52:37 INFO  - jmeter.JMeter: Copyright (c) 1998-2016 The Apache Software Foundation 
2018/10/16 18:52:37 INFO  - jmeter.JMeter: Version 3.0 r1743807 
2018/10/16 18:52:37 INFO  - jmeter.JMeter: java.version=1.8.0_91 
2018/10/16 18:52:37 INFO  - jmeter.JMeter: java.vm.name=Java HotSpot(TM) 64-Bit Server VM 
2018/10/16 18:52:37 INFO  - jmeter.JMeter: os.name=Windows 8.1 
2018/10/16 18:52:37 INFO  - jmeter.JMeter: os.arch=amd64 
2018/10/16 18:52:37 INFO  - jmeter.JMeter: os.version=6.3 
2018/10/16 18:52:37 INFO  - jmeter.JMeter: file.encoding=Cp1252 
2018/10/16 18:52:37 INFO  - jmeter.JMeter: Max memory     =2844786688 
2018/10/16 18:52:37 INFO  - jmeter.JMeter: Available Processors =4 
2018/10/16 18:52:37 INFO  - jmeter.JMeter: Default Locale=English (India) 
2018/10/16 18:52:37 INFO  - jmeter.JMeter: JMeter  Locale=English (India) 
2018/10/16 18:52:37 INFO  - jmeter.JMeter: JMeterHome=D:\javascripteclipse\jmeter-setup-project\target\jmeter 
2018/10/16 18:52:37 INFO  - jmeter.JMeter: user.dir  =D:\javascripteclipse\jmeter-setup-project 
2018/10/16 18:52:37 INFO  - jmeter.JMeter: PWD       =D:\javascripteclipse\jmeter-setup-project 
2018/10/16 18:52:37 INFO  - jmeter.JMeter: IP: 10.10.14.230 Name: TYSS-MF-032 FullName: TYSS-MF-032 
2018/10/16 18:52:37 INFO  - jmeter.JMeter: Setting property 'jmeter.reportgenerator.outputdir' to:'D:\javascripteclipse\jmeter-setup-project\target\jmeter\results\dashboard${timestamp}' 
2018/10/16 18:52:37 INFO  - jmeter.report.dashboard.ReportGenerator: ReportGenerator will use for Parsing the separator:',' 
2018/10/16 18:52:37 INFO  - jmeter.report.dashboard.ReportGenerator: Will only generate report from results file:D:\javascripteclipse\jmeter-setup-project\target\jmeter\results\20181016-184552-jpetstore.jtl 
2018/10/16 18:52:37 INFO  - jmeter.report.dashboard.ReportGenerator: Reading report generator properties from:D:\javascripteclipse\jmeter-setup-project\target\jmeter\bin\reportgenerator.properties 
2018/10/16 18:52:37 INFO  - jmeter.report.dashboard.ReportGenerator: Merging with JMeter properties 
2018/10/16 18:52:37 INFO  - jmeter.report.config.ReportGeneratorConfiguration: Property "jmeter.reportgenerator.temp_dir" not found, using default value "temp" instead. 
2018/10/16 18:52:37 INFO  - jmeter.report.config.ReportGeneratorConfiguration: Property "jmeter.reportgenerator.apdex_satisfied_threshold" not found, using default value "500" instead. 
2018/10/16 18:52:37 INFO  - jmeter.report.config.ReportGeneratorConfiguration: Property "jmeter.reportgenerator.apdex_tolerated_threshold" not found, using default value "1500" instead. 
2018/10/16 18:52:37 INFO  - jmeter.report.config.ReportGeneratorConfiguration: Property "jmeter.reportgenerator.sample_filter" not found, using default value "null" instead. 
2018/10/16 18:52:37 INFO  - jmeter.report.config.ReportGeneratorConfiguration: Property "jmeter.reportgenerator.report_title" not found, using default value "null" instead. 
2018/10/16 18:52:37 INFO  - jmeter.report.config.ReportGeneratorConfiguration: Property "jmeter.reportgenerator.graph.responseTimePercentiles.exclude_controllers" not found, using default value "false" instead. 
2018/10/16 18:52:37 INFO  - jmeter.report.config.ReportGeneratorConfiguration: Property "jmeter.reportgenerator.graph.responseTimesOverTime.exclude_controllers" not found, using default value "false" instead. 
2018/10/16 18:52:37 INFO  - jmeter.report.config.ReportGeneratorConfiguration: Property "jmeter.reportgenerator.graph.bytesThroughputOverTime.exclude_controllers" not found, using default value "false" instead. 
2018/10/16 18:52:37 INFO  - jmeter.report.config.ReportGeneratorConfiguration: Property "jmeter.reportgenerator.graph.activeThreadsOverTime.exclude_controllers" not found, using default value "false" instead. 
2018/10/16 18:52:37 INFO  - jmeter.report.config.ReportGeneratorConfiguration: Property "jmeter.reportgenerator.graph.timeVsThreads.exclude_controllers" not found, using default value "false" instead. 
2018/10/16 18:52:37 INFO  - jmeter.report.config.ReportGeneratorConfiguration: Property "jmeter.reportgenerator.graph.responseTimeDistribution.exclude_controllers" not found, using default value "false" instead. 
2018/10/16 18:52:37 INFO  - jmeter.report.config.ReportGeneratorConfiguration: Property "jmeter.reportgenerator.graph.latenciesOverTime.exclude_controllers" not found, using default value "false" instead. 
2018/10/16 18:52:37 INFO  - jmeter.report.config.ReportGeneratorConfiguration: Property "jmeter.reportgenerator.graph.transactionsPerSecond.exclude_controllers" not found, using default value "false" instead. 
2018/10/16 18:52:37 INFO  - jmeter.report.config.ReportGeneratorConfiguration: Property "jmeter.reportgenerator.exporter.html.filters_only_sample_series" not found, using default value "true" instead. 
2018/10/16 18:52:37 INFO  - jmeter.report.config.ReportGeneratorConfiguration: Property "jmeter.reportgenerator.exporter.html.series_filter" not found, using default value "" instead. 
2018/10/16 18:52:37 INFO  - jmeter.report.config.ReportGeneratorConfiguration: Property "jmeter.reportgenerator.exporter.html.show_controllers_only" not found, using default value "false" instead. 
2018/10/16 18:52:37 INFO  - jmeter.report.processor.NormalizerSampleConsumer: Using format:ms to parse timeStamp field 
2018/10/16 18:52:37 INFO  - org.apache.jmeter.report.processor.AbstractSampleConsumer: class org.apache.jmeter.report.processor.AggregateConsumer#stopProducing(): beginDate produced 0 samples 
2018/10/16 18:52:37 INFO  - org.apache.jmeter.report.processor.AbstractSampleConsumer: class org.apache.jmeter.report.processor.AggregateConsumer#stopProducing(): endDate produced 0 samples 
2018/10/16 18:52:37 INFO  - org.apache.jmeter.report.processor.AbstractSampleConsumer: class org.apache.jmeter.report.processor.ApdexSummaryConsumer#stopProducing(): apdexSummary produced 0 samples 
2018/10/16 18:52:37 INFO  - org.apache.jmeter.report.processor.AbstractSampleConsumer: class org.apache.jmeter.report.processor.RequestsSummaryConsumer#stopProducing(): requestsSummary produced 0 samples 
2018/10/16 18:52:37 INFO  - org.apache.jmeter.report.processor.AbstractSampleConsumer: class org.apache.jmeter.report.processor.StatisticsSummaryConsumer#stopProducing(): statisticsSummary produced 0 samples 
2018/10/16 18:52:37 INFO  - org.apache.jmeter.report.processor.AbstractSampleConsumer: class org.apache.jmeter.report.processor.ErrorsSummaryConsumer#stopProducing(): errorsSummary produced 0 samples 
2018/10/16 18:52:37 INFO  - org.apache.jmeter.report.processor.AbstractSampleConsumer: class org.apache.jmeter.report.processor.graph.impl.LatencyVSRequestGraphConsumer#stopProducing(): latencyVsRequest produced 0 samples 
2018/10/16 18:52:37 INFO  - org.apache.jmeter.report.processor.AbstractSampleConsumer: class org.apache.jmeter.report.processor.graph.impl.HitsPerSecondGraphConsumer#stopProducing(): hitsPerSecond produced 0 samples 
2018/10/16 18:52:37 INFO  - org.apache.jmeter.report.processor.AbstractSampleConsumer: class org.apache.jmeter.report.processor.graph.impl.CodesPerSecondGraphConsumer#stopProducing(): codesPerSecond produced 0 samples 
2018/10/16 18:52:37 INFO  - org.apache.jmeter.report.processor.AbstractSampleConsumer: class org.apache.jmeter.report.processor.graph.impl.ResponseTimeVSRequestGraphConsumer#stopProducing(): responseTimeVsRequest produced 0 samples 
2018/10/16 18:52:37 INFO  - org.apache.jmeter.report.processor.AbstractSampleConsumer: class org.apache.jmeter.report.processor.FilterConsumer#stopProducing(): startIntervalControlerFilter produced 17000 samples 
2018/10/16 18:52:37 INFO  - org.apache.jmeter.report.processor.AbstractSampleConsumer: class org.apache.jmeter.report.processor.graph.impl.ResponseTimePercentilesGraphConsumer#stopProducing(): responseTimePercentiles produced 0 samples 
2018/10/16 18:52:37 INFO  - org.apache.jmeter.report.processor.AbstractSampleConsumer: class org.apache.jmeter.report.processor.graph.impl.ResponseTimeOverTimeGraphConsumer#stopProducing(): responseTimesOverTime produced 0 samples 
2018/10/16 18:52:37 INFO  - org.apache.jmeter.report.processor.AbstractSampleConsumer: class org.apache.jmeter.report.processor.graph.impl.BytesThroughputGraphConsumer#stopProducing(): bytesThroughputOverTime produced 0 samples 
2018/10/16 18:52:37 INFO  - org.apache.jmeter.report.processor.AbstractSampleConsumer: class org.apache.jmeter.report.processor.graph.impl.ActiveThreadsGraphConsumer#stopProducing(): activeThreadsOverTime produced 0 samples 
2018/10/16 18:52:37 INFO  - org.apache.jmeter.report.processor.AbstractSampleConsumer: class org.apache.jmeter.report.processor.graph.impl.TimeVSThreadGraphConsumer#stopProducing(): timeVsThreads produced 0 samples 
2018/10/16 18:52:37 INFO  - org.apache.jmeter.report.processor.AbstractSampleConsumer: class org.apache.jmeter.report.processor.graph.impl.ResponseTimeDistributionGraphConsumer#stopProducing(): responseTimeDistribution produced 0 samples 
2018/10/16 18:52:37 INFO  - org.apache.jmeter.report.processor.AbstractSampleConsumer: class org.apache.jmeter.report.processor.graph.impl.LatencyOverTimeGraphConsumer#stopProducing(): latenciesOverTime produced 0 samples 
2018/10/16 18:52:37 INFO  - org.apache.jmeter.report.processor.AbstractSampleConsumer: class org.apache.jmeter.report.processor.graph.impl.TransactionsPerSecondGraphConsumer#stopProducing(): transactionsPerSecond produced 0 samples 
2018/10/16 18:52:37 INFO  - org.apache.jmeter.report.processor.AbstractSampleConsumer: class org.apache.jmeter.report.processor.FilterConsumer#stopProducing(): nameFilter produced 52800 samples 
2018/10/16 18:52:37 INFO  - org.apache.jmeter.report.processor.AbstractSampleConsumer: class org.apache.jmeter.report.processor.NormalizerSampleConsumer#stopProducing(): normalizer produced 13200 samples 
2018/10/16 18:52:37 INFO  - org.apache.jmeter.report.processor.CsvFileSampleSource: produce(): 4400 samples produced in 446ms on channel 0 
2018/10/16 18:52:37 INFO  - jmeter.report.dashboard.ReportGenerator: Exporting data using exporter:'html' of className:'org.apache.jmeter.report.dashboard.HtmlTemplateExporter' 
2018/10/16 18:52:37 INFO  - jmeter.report.dashboard.HtmlTemplateExporter: Will generate dashboard in folder:D:\javascripteclipse\jmeter-setup-project\target\jmeter\results\dashboard${timestamp} 
2018/10/16 18:52:37 INFO  - jmeter.report.dashboard.HtmlTemplateExporter: Report will be generated in:D:\javascripteclipse\jmeter-setup-project\target\jmeter\results\dashboard${timestamp}, creating folder structure 
