2018/10/11 17:12:03 INFO  - jmeter.util.JMeterUtils: Setting Locale to en_IN 
2018/10/11 17:12:03 INFO  - jmeter.JMeter: Loading user properties from: D:\javascripteclipse\jmeter-setup-project\target\jmeter\bin\user.properties 
2018/10/11 17:12:03 INFO  - jmeter.JMeter: Loading system properties from: D:\javascripteclipse\jmeter-setup-project\target\jmeter\bin\system.properties 
2018/10/11 17:12:03 INFO  - jmeter.JMeter: Copyright (c) 1998-2016 The Apache Software Foundation 
2018/10/11 17:12:03 INFO  - jmeter.JMeter: Version 3.0 r1743807 
2018/10/11 17:12:03 INFO  - jmeter.JMeter: java.version=1.8.0_91 
2018/10/11 17:12:03 INFO  - jmeter.JMeter: java.vm.name=Java HotSpot(TM) 64-Bit Server VM 
2018/10/11 17:12:03 INFO  - jmeter.JMeter: os.name=Windows 8.1 
2018/10/11 17:12:03 INFO  - jmeter.JMeter: os.arch=amd64 
2018/10/11 17:12:03 INFO  - jmeter.JMeter: os.version=6.3 
2018/10/11 17:12:03 INFO  - jmeter.JMeter: file.encoding=Cp1252 
2018/10/11 17:12:03 INFO  - jmeter.JMeter: Max memory     =514850816 
2018/10/11 17:12:03 INFO  - jmeter.JMeter: Available Processors =4 
2018/10/11 17:12:03 INFO  - jmeter.JMeter: Default Locale=English (India) 
2018/10/11 17:12:03 INFO  - jmeter.JMeter: JMeter  Locale=English (India) 
2018/10/11 17:12:03 INFO  - jmeter.JMeter: JMeterHome=D:\javascripteclipse\jmeter-setup-project\target\jmeter 
2018/10/11 17:12:03 INFO  - jmeter.JMeter: user.dir  =D:\javascripteclipse\jmeter-setup-project\target\jmeter\bin 
2018/10/11 17:12:03 INFO  - jmeter.JMeter: PWD       =D:\javascripteclipse\jmeter-setup-project\target\jmeter\bin 
2018/10/11 17:12:03 INFO  - jmeter.JMeter: IP: 10.10.14.230 Name: TYSS-MF-032 FullName: TYSS-MF-032 
2018/10/11 17:12:03 INFO  - jmeter.services.FileServer: Default base='D:\javascripteclipse\jmeter-setup-project\target\jmeter\bin' 
2018/10/11 17:12:03 INFO  - jmeter.services.FileServer: Set new base='D:\javascripteclipse\jmeter-setup-project\target\jmeter\testFiles' 
2018/10/11 17:12:03 INFO  - jmeter.save.SaveService: Testplan (JMX) version: 2.2. Testlog (JTL) version: 2.2 
2018/10/11 17:12:03 INFO  - jmeter.save.SaveService: Using SaveService properties file encoding UTF-8 
2018/10/11 17:12:03 INFO  - jmeter.save.SaveService: Using SaveService properties version 2.9 
2018/10/11 17:12:03 INFO  - jmeter.save.SaveService: All converter versions present and correct 
2018/10/11 17:12:03 INFO  - jmeter.save.SaveService: Loading file: D:\javascripteclipse\jmeter-setup-project\target\jmeter\testFiles\jpetstore.jmx 
2018/10/11 17:12:03 INFO  - jmeter.protocol.http.control.CookieManager: Settings: Delete null: true Check: true Allow variable: true Save: false Prefix: COOKIE_ 
2018/10/11 17:12:03 INFO  - jmeter.protocol.http.sampler.HTTPSamplerBase: Parser for text/html is org.apache.jmeter.protocol.http.parser.LagartoBasedHtmlParser 
2018/10/11 17:12:03 INFO  - jmeter.protocol.http.sampler.HTTPSamplerBase: Parser for application/xhtml+xml is org.apache.jmeter.protocol.http.parser.LagartoBasedHtmlParser 
2018/10/11 17:12:03 INFO  - jmeter.protocol.http.sampler.HTTPSamplerBase: Parser for application/xml is org.apache.jmeter.protocol.http.parser.LagartoBasedHtmlParser 
2018/10/11 17:12:03 INFO  - jmeter.protocol.http.sampler.HTTPSamplerBase: Parser for text/xml is org.apache.jmeter.protocol.http.parser.LagartoBasedHtmlParser 
2018/10/11 17:12:03 INFO  - jmeter.protocol.http.sampler.HTTPSamplerBase: Parser for text/vnd.wap.wml is org.apache.jmeter.protocol.http.parser.RegexpHTMLParser 
2018/10/11 17:12:03 INFO  - jmeter.protocol.http.sampler.HTTPSamplerBase: Parser for text/css is org.apache.jmeter.protocol.http.parser.CssParser 
2018/10/11 17:12:03 INFO  - jorphan.exec.KeyToolUtils: keytool found at 'keytool' 
2018/10/11 17:12:03 INFO  - jmeter.protocol.http.proxy.ProxyControl: HTTP(S) Test Script Recorder SSL Proxy will use keys that support embedded 3rd party resources in file D:\javascripteclipse\jmeter-setup-project\target\jmeter\bin\proxyserver.jks 
2018/10/11 17:12:03 INFO  - jmeter.JMeter: Creating summariser <summary> 
2018/10/11 17:12:04 INFO  - jmeter.engine.StandardJMeterEngine: Running the test! 
2018/10/11 17:12:04 INFO  - jmeter.samplers.SampleEvent: List of sample_variables: [] 
2018/10/11 17:12:04 INFO  - jmeter.samplers.SampleEvent: List of sample_variables: [] 
2018/10/11 17:12:04 INFO  - jmeter.engine.util.CompoundVariable: Note: Function class names must contain the string: '.functions.' 
2018/10/11 17:12:04 INFO  - jmeter.engine.util.CompoundVariable: Note: Function class names must not contain the string: '.gui.' 
2018/10/11 17:12:04 INFO  - jmeter.JMeter: Running test (1539258124086) 
2018/10/11 17:12:04 INFO  - jmeter.engine.StandardJMeterEngine: Starting ThreadGroup: 1 : Thread Group1 
2018/10/11 17:12:04 INFO  - jmeter.engine.StandardJMeterEngine: Starting 25 threads for group Thread Group1. 
2018/10/11 17:12:04 INFO  - jmeter.engine.StandardJMeterEngine: Thread will continue on error 
2018/10/11 17:12:04 INFO  - jmeter.threads.ThreadGroup: Starting thread group number 1 threads 25 ramp-up 25 perThread 1000.0 delayedStart=false 
2018/10/11 17:12:04 INFO  - jmeter.samplers.SampleResult: Note: Sample TimeStamps are START times 
2018/10/11 17:12:04 INFO  - jmeter.samplers.SampleResult: sampleresult.default.encoding is set to ISO-8859-1 
2018/10/11 17:12:04 INFO  - jmeter.samplers.SampleResult: sampleresult.useNanoTime=true 
2018/10/11 17:12:04 INFO  - jmeter.samplers.SampleResult: sampleresult.nanoThreadSleep=5000 
2018/10/11 17:12:04 INFO  - jmeter.threads.JMeterThread: Thread started: Thread Group1 1-1 
2018/10/11 17:12:04 INFO  - jmeter.threads.ThreadGroup: Started thread group number 1 
2018/10/11 17:12:04 INFO  - jmeter.engine.StandardJMeterEngine: All thread groups have been started 
2018/10/11 17:12:04 INFO  - jmeter.protocol.http.sampler.HTTPHCAbstractImpl: Local host = TYSS-MF-032 
2018/10/11 17:12:04 INFO  - jmeter.protocol.http.sampler.HTTPHC4Impl: HTTP request retry count = 0 
2018/10/11 17:12:04 INFO  - jmeter.protocol.http.sampler.LazySchemeSocketFactory: Setting up HTTPS TrustAll Socket Factory 
2018/10/11 17:12:04 INFO  - jmeter.util.JsseSSLManager: Using default SSL protocol: TLS 
2018/10/11 17:12:04 INFO  - jmeter.util.JsseSSLManager: SSL session context: per-thread 
2018/10/11 17:12:04 INFO  - jmeter.util.SSLManager: JmeterKeyStore Location:  type JKS 
2018/10/11 17:12:04 INFO  - jmeter.util.SSLManager: KeyStore created OK 
2018/10/11 17:12:04 WARN  - jmeter.util.SSLManager: Keystore file not found, loading empty keystore 
2018/10/11 17:12:05 INFO  - jmeter.threads.JMeterThread: Thread started: Thread Group1 1-2 
2018/10/11 17:12:06 INFO  - jmeter.threads.JMeterThread: Thread started: Thread Group1 1-3 
2018/10/11 17:12:06 INFO  - jmeter.threads.JMeterThread: Stopping because end time detected by thread: Thread Group1 1-1 
2018/10/11 17:12:06 INFO  - jmeter.threads.JMeterThread: Thread finished: Thread Group1 1-1 
2018/10/11 17:12:06 INFO  - jmeter.threads.JMeterThread: Stopping because end time detected by thread: Thread Group1 1-2 
2018/10/11 17:12:06 INFO  - jmeter.threads.JMeterThread: Thread finished: Thread Group1 1-2 
2018/10/11 17:12:07 INFO  - jmeter.threads.JMeterThread: Thread started: Thread Group1 1-4 
2018/10/11 17:12:07 INFO  - jmeter.threads.JMeterThread: Stopping because end time detected by thread: Thread Group1 1-3 
2018/10/11 17:12:07 INFO  - jmeter.threads.JMeterThread: Thread finished: Thread Group1 1-3 
2018/10/11 17:12:08 INFO  - jmeter.threads.JMeterThread: Thread started: Thread Group1 1-5 
2018/10/11 17:12:08 INFO  - jmeter.threads.JMeterThread: Stopping because end time detected by thread: Thread Group1 1-4 
2018/10/11 17:12:08 INFO  - jmeter.threads.JMeterThread: Thread finished: Thread Group1 1-4 
2018/10/11 17:12:09 INFO  - jmeter.threads.JMeterThread: Thread started: Thread Group1 1-6 
2018/10/11 17:12:09 INFO  - jmeter.threads.JMeterThread: Stopping because end time detected by thread: Thread Group1 1-5 
2018/10/11 17:12:09 INFO  - jmeter.threads.JMeterThread: Thread finished: Thread Group1 1-5 
2018/10/11 17:12:10 INFO  - jmeter.threads.JMeterThread: Thread started: Thread Group1 1-7 
2018/10/11 17:12:10 INFO  - jmeter.threads.JMeterThread: Stopping because end time detected by thread: Thread Group1 1-6 
2018/10/11 17:12:10 INFO  - jmeter.threads.JMeterThread: Thread finished: Thread Group1 1-6 
2018/10/11 17:12:11 INFO  - jmeter.threads.JMeterThread: Thread started: Thread Group1 1-8 
2018/10/11 17:12:11 INFO  - jmeter.threads.JMeterThread: Stopping because end time detected by thread: Thread Group1 1-7 
2018/10/11 17:12:11 INFO  - jmeter.threads.JMeterThread: Thread finished: Thread Group1 1-7 
2018/10/11 17:12:12 INFO  - jmeter.threads.JMeterThread: Thread started: Thread Group1 1-9 
2018/10/11 17:12:12 INFO  - jmeter.threads.JMeterThread: Stopping because end time detected by thread: Thread Group1 1-8 
2018/10/11 17:12:12 INFO  - jmeter.threads.JMeterThread: Thread finished: Thread Group1 1-8 
2018/10/11 17:12:13 INFO  - jmeter.threads.JMeterThread: Thread started: Thread Group1 1-10 
2018/10/11 17:12:13 INFO  - jmeter.threads.JMeterThread: Stopping because end time detected by thread: Thread Group1 1-9 
2018/10/11 17:12:13 INFO  - jmeter.threads.JMeterThread: Thread finished: Thread Group1 1-9 
2018/10/11 17:12:14 INFO  - jmeter.threads.JMeterThread: Thread started: Thread Group1 1-11 
2018/10/11 17:12:14 INFO  - jmeter.threads.JMeterThread: Stopping because end time detected by thread: Thread Group1 1-10 
2018/10/11 17:12:14 INFO  - jmeter.threads.JMeterThread: Thread finished: Thread Group1 1-10 
2018/10/11 17:12:15 INFO  - jmeter.threads.JMeterThread: Thread started: Thread Group1 1-12 
2018/10/11 17:12:15 INFO  - jmeter.threads.JMeterThread: Stopping because end time detected by thread: Thread Group1 1-11 
2018/10/11 17:12:15 INFO  - jmeter.threads.JMeterThread: Thread finished: Thread Group1 1-11 
2018/10/11 17:12:16 INFO  - jmeter.threads.JMeterThread: Thread started: Thread Group1 1-13 
2018/10/11 17:12:16 INFO  - jmeter.threads.JMeterThread: Stopping because end time detected by thread: Thread Group1 1-12 
2018/10/11 17:12:16 INFO  - jmeter.threads.JMeterThread: Thread finished: Thread Group1 1-12 
2018/10/11 17:12:17 INFO  - jmeter.threads.JMeterThread: Thread started: Thread Group1 1-14 
2018/10/11 17:12:17 INFO  - jmeter.threads.JMeterThread: Stopping because end time detected by thread: Thread Group1 1-13 
2018/10/11 17:12:17 INFO  - jmeter.threads.JMeterThread: Thread finished: Thread Group1 1-13 
2018/10/11 17:12:18 INFO  - jmeter.threads.JMeterThread: Thread started: Thread Group1 1-15 
2018/10/11 17:12:18 INFO  - jmeter.threads.JMeterThread: Stopping because end time detected by thread: Thread Group1 1-14 
2018/10/11 17:12:18 INFO  - jmeter.threads.JMeterThread: Thread finished: Thread Group1 1-14 
2018/10/11 17:12:19 INFO  - jmeter.threads.JMeterThread: Thread started: Thread Group1 1-16 
2018/10/11 17:12:19 INFO  - jmeter.threads.JMeterThread: Stopping because end time detected by thread: Thread Group1 1-15 
2018/10/11 17:12:19 INFO  - jmeter.threads.JMeterThread: Thread finished: Thread Group1 1-15 
2018/10/11 17:12:20 INFO  - jmeter.threads.JMeterThread: Thread started: Thread Group1 1-17 
2018/10/11 17:12:20 INFO  - jmeter.threads.JMeterThread: Stopping because end time detected by thread: Thread Group1 1-16 
2018/10/11 17:12:20 INFO  - jmeter.threads.JMeterThread: Thread finished: Thread Group1 1-16 
2018/10/11 17:12:21 INFO  - jmeter.threads.JMeterThread: Thread started: Thread Group1 1-18 
2018/10/11 17:12:21 INFO  - jmeter.threads.JMeterThread: Stopping because end time detected by thread: Thread Group1 1-17 
2018/10/11 17:12:21 INFO  - jmeter.threads.JMeterThread: Thread finished: Thread Group1 1-17 
2018/10/11 17:12:22 INFO  - jmeter.threads.JMeterThread: Thread started: Thread Group1 1-19 
2018/10/11 17:12:22 INFO  - jmeter.threads.JMeterThread: Stopping because end time detected by thread: Thread Group1 1-18 
2018/10/11 17:12:22 INFO  - jmeter.threads.JMeterThread: Thread finished: Thread Group1 1-18 
2018/10/11 17:12:23 INFO  - jmeter.threads.JMeterThread: Thread started: Thread Group1 1-20 
2018/10/11 17:12:23 INFO  - jmeter.threads.JMeterThread: Stopping because end time detected by thread: Thread Group1 1-19 
2018/10/11 17:12:23 INFO  - jmeter.threads.JMeterThread: Thread finished: Thread Group1 1-19 
2018/10/11 17:12:24 INFO  - jmeter.threads.JMeterThread: Thread started: Thread Group1 1-21 
2018/10/11 17:12:24 INFO  - jmeter.threads.JMeterThread: Stopping because end time detected by thread: Thread Group1 1-20 
2018/10/11 17:12:24 INFO  - jmeter.threads.JMeterThread: Thread finished: Thread Group1 1-20 
2018/10/11 17:12:25 INFO  - jmeter.threads.JMeterThread: Thread started: Thread Group1 1-22 
2018/10/11 17:12:25 INFO  - jmeter.threads.JMeterThread: Stopping because end time detected by thread: Thread Group1 1-21 
2018/10/11 17:12:25 INFO  - jmeter.threads.JMeterThread: Thread finished: Thread Group1 1-21 
2018/10/11 17:12:26 INFO  - jmeter.threads.JMeterThread: Thread started: Thread Group1 1-23 
2018/10/11 17:12:26 INFO  - jmeter.threads.JMeterThread: Stopping because end time detected by thread: Thread Group1 1-22 
2018/10/11 17:12:26 INFO  - jmeter.threads.JMeterThread: Thread finished: Thread Group1 1-22 
2018/10/11 17:12:27 INFO  - jmeter.threads.JMeterThread: Thread started: Thread Group1 1-24 
2018/10/11 17:12:27 INFO  - jmeter.threads.JMeterThread: Stopping because end time detected by thread: Thread Group1 1-23 
2018/10/11 17:12:27 INFO  - jmeter.threads.JMeterThread: Thread finished: Thread Group1 1-23 
2018/10/11 17:12:28 INFO  - jmeter.threads.JMeterThread: Thread started: Thread Group1 1-25 
2018/10/11 17:12:28 INFO  - jmeter.threads.JMeterThread: Stopping because end time detected by thread: Thread Group1 1-24 
2018/10/11 17:12:28 INFO  - jmeter.threads.JMeterThread: Thread finished: Thread Group1 1-24 
2018/10/11 17:12:29 INFO  - jmeter.threads.JMeterThread: Stopping because end time detected by thread: Thread Group1 1-25 
2018/10/11 17:12:29 INFO  - jmeter.threads.JMeterThread: Thread finished: Thread Group1 1-25 
2018/10/11 17:12:29 INFO  - jmeter.engine.StandardJMeterEngine: Notifying test listeners of end of test 
2018/10/11 17:12:29 INFO  - jmeter.reporters.Summariser: summary =     25 in 00:00:25 =    1.0/s Avg:  1204 Min:  1121 Max:  1980 Err:     0 (0.00%) 
